2020-10-05 10:26:45,327 INFO c.s.ShoppingApplication [main] this is a info message
2020-10-05 10:26:45,333 WARN c.s.ShoppingApplication [main] this is a warn message
2020-10-05 10:26:45,333 ERROR c.s.ShoppingApplication [main] this is a error message
2020-10-05 10:26:45,810 INFO o.s.b.StartupInfoLogger [main] Starting ShoppingApplication on LAPTOP-5TNHL82U with PID 9324 (C:\Users\georg\Desktop\Silviya\My_Work\shop_work\Shopping\target\classes started by georg in C:\Users\georg\Desktop\Silviya\My_Work\shop_work\Shopping)
2020-10-05 10:26:45,813 INFO o.s.b.SpringApplication [main] No active profile set, falling back to default profiles: default
2020-10-05 10:26:47,133 INFO o.s.b.w.e.t.TomcatWebServer [main] Tomcat initialized with port(s): 8080 (http)
2020-10-05 10:26:47,143 INFO o.a.j.l.DirectJDKLog [main] Initializing ProtocolHandler ["http-nio-8080"]
2020-10-05 10:26:47,144 INFO o.a.j.l.DirectJDKLog [main] Starting service [Tomcat]
2020-10-05 10:26:47,144 INFO o.a.j.l.DirectJDKLog [main] Starting Servlet engine: [Apache Tomcat/9.0.37]
2020-10-05 10:26:47,271 INFO o.a.j.l.DirectJDKLog [main] Initializing Spring embedded WebApplicationContext
2020-10-05 10:26:47,271 INFO o.s.b.w.s.c.ServletWebServerApplicationContext [main] Root WebApplicationContext: initialization completed in 1351 ms
2020-10-05 10:26:47,539 INFO o.s.s.c.ExecutorConfigurationSupport [main] Initializing ExecutorService 'applicationTaskExecutor'
2020-10-05 10:26:47,700 INFO o.a.j.l.DirectJDKLog [main] Starting ProtocolHandler ["http-nio-8080"]
2020-10-05 10:26:47,774 INFO o.s.b.w.e.t.TomcatWebServer [main] Tomcat started on port(s): 8080 (http) with context path ''
2020-10-05 10:26:47,785 INFO o.s.b.StartupInfoLogger [main] Started ShoppingApplication in 2.368 seconds (JVM running for 3.213)
2020-10-05 10:27:21,441 INFO o.a.j.l.DirectJDKLog [http-nio-8080-exec-2] Initializing Spring DispatcherServlet 'dispatcherServlet'
2020-10-05 10:27:21,442 INFO o.s.w.s.FrameworkServlet [http-nio-8080-exec-2] Initializing Servlet 'dispatcherServlet'
2020-10-05 10:27:21,455 INFO o.s.w.s.FrameworkServlet [http-nio-8080-exec-2] Completed initialization in 13 ms
2020-10-05 10:27:21,662 INFO c.s.c.ProductController [http-nio-8080-exec-2] Incoming RequestProductRequestJson [id=0, name=Book, quantity=50, price=100.0, sku=01C]
2020-10-05 10:27:22,265 INFO c.s.c.ProductController [http-nio-8080-exec-2] Outgoing Response ProductResponseJson [id=36, name=Book, quantity=50, price=100.0, sku=01C]
2020-10-05 10:28:55,428 INFO c.s.c.ProductController [http-nio-8080-exec-5] Incoming Request
2020-10-05 10:28:55,446 INFO c.s.c.ProductController [http-nio-8080-exec-5] Outgoing Response [ProductResponseJson [id=1, name=Book, quantity=10, price=10.0, sku=01A], ProductResponseJson [id=2, name=Pen, quantity=20, price=5.0, sku=01B], ProductResponseJson [id=3, name=Pencil, quantity=50, price=2.0, sku=01C], ProductResponseJson [id=4, name=Crayons, quantity=100, price=1.0, sku=01D], ProductResponseJson [id=5, name=Eraser, quantity=70, price=2.0, sku=01E], ProductResponseJson [id=6, name=Folder, quantity=100, price=50.0, sku=01F], ProductResponseJson [id=7, name=Paper, quantity=1000, price=7.0, sku=01G], ProductResponseJson [id=8, name=Box, quantity=500, price=10.0, sku=01H], ProductResponseJson [id=9, name=Markers, quantity=200, price=15.0, sku=01I], ProductResponseJson [id=10, name=Sharpner, quantity=100, price=4.0, sku=01J], ProductResponseJson [id=11, name=Chalks, quantity=500, price=2.0, sku=01K], ProductResponseJson [id=12, name=Colour Paper, quantity=150, price=1.5, sku=01L], ProductResponseJson [id=13, name=Sticky Notes, quantity=200, price=4.0, sku=01M], ProductResponseJson [id=14, name=Green Book, quantity=1000, price=4.0, sku=01N], ProductResponseJson [id=15, name=Yellow Book, quantity=1000, price=4.0, sku=01O], ProductResponseJson [id=16, name=Red Book, quantity=1000, price=4.0, sku=01P], ProductResponseJson [id=17, name=Orange Book, quantity=1000, price=4.0, sku=01Q], ProductResponseJson [id=18, name=Orange Book, quantity=1000, price=4.0, sku=01Q], ProductResponseJson [id=19, name=Orange Book, quantity=1000, price=4.0, sku=01Q], ProductResponseJson [id=21, name=Orange Book, quantity=1000, price=4.0, sku=01Q], ProductResponseJson [id=22, name= Book, quantity=3000, price=20.0, sku=01Z], ProductResponseJson [id=23, name=Book, quantity=10, price=10.0, sku=01A], ProductResponseJson [id=24, name=Book, quantity=10, price=10.0, sku=01A], ProductResponseJson [id=25, name=Book, quantity=10, price=10.0, sku=01A], ProductResponseJson [id=26, name=Book, quantity=10, price=10.0, sku=01A], ProductResponseJson [id=27, name=Orange Book, quantity=1000, price=4.0, sku=01Q], ProductResponseJson [id=28, name=Orange Book, quantity=200, price=10.0, sku=01Q], ProductResponseJson [id=29, name=Orange Book, quantity=1000, price=4.0, sku=01Q], ProductResponseJson [id=30, name=Orange Book, quantity=500, price=10.0, sku=01Q], ProductResponseJson [id=34, name=Book, quantity=50, price=100.0, sku=01C], ProductResponseJson [id=36, name=Book, quantity=50, price=100.0, sku=01C]]
2020-10-05 10:29:00,589 INFO c.s.c.ProductController [http-nio-8080-exec-6] Incoming Request7
2020-10-05 10:29:00,598 INFO c.s.c.ProductController [http-nio-8080-exec-6] Outgoing Response ProductResponseJson [id=7, name=Paper, quantity=1000, price=7.0, sku=01G]
2020-10-05 10:29:13,661 INFO c.s.c.ProductController [http-nio-8080-exec-7] Incoming Request30
2020-10-05 10:29:13,715 INFO c.s.c.ProductController [http-nio-8080-exec-7] Outgoing Response ProductResponseJson [id=30, name=Orange Book, quantity=500, price=100.0, sku=01Q]
2020-10-05 10:29:36,273 INFO c.s.c.ProductController [http-nio-8080-exec-8] Incoming Request36
2020-10-05 10:29:36,330 INFO c.s.c.ProductController [http-nio-8080-exec-8] Outgoing Response36
